[debug] [2025-01-19T20:17:52.448Z] ----------------------------------------------------------------------
[debug] [2025-01-19T20:17:52.453Z] Command:       C:\Program Files\node.exe C:\Users\ivans\AppData\Roaming\npm\node_modules\firebase-tools\lib\bin\firebase.js init
[debug] [2025-01-19T20:17:52.454Z] CLI Version:   13.29.1
[debug] [2025-01-19T20:17:52.454Z] Platform:      win32
[debug] [2025-01-19T20:17:52.454Z] Node Version:  v22.13.0
[debug] [2025-01-19T20:17:52.455Z] Time:          Mon Jan 20 2025 04:17:52 GMT+0800 (Singapore Standard Time)
[debug] [2025-01-19T20:17:52.455Z] ----------------------------------------------------------------------
[debug] 
[debug] [2025-01-19T20:17:52.661Z] > command requires scopes: ["email","openid","https://www.googleapis.com/auth/cloudplatformprojects.readonly","https://www.googleapis.com/auth/firebase","https://www.googleapis.com/auth/cloud-platform"]
[debug] [2025-01-19T20:17:52.662Z] > authorizing via signed-in user (ivansantos.bsit@gmail.com)
[info] 
     ######## #### ########  ######## ########     ###     ######  ########
     ##        ##  ##     ## ##       ##     ##  ##   ##  ##       ##
     ######    ##  ########  ######   ########  #########  ######  ######
     ##        ##  ##    ##  ##       ##     ## ##     ##       ## ##
     ##       #### ##     ## ######## ########  ##     ##  ######  ########

You're about to initialize a Firebase project in this directory:

  D:\projects\Press-for-help\PressForHelp

Before we get started, keep in mind:

  * You are initializing within an existing Firebase project directory

